<?xml version="1.0" encoding="UTF-8"?>
<!-- Generated by org.testng.reporters.JUnitReportReporter -->
<testsuite hostname="DESKTOP-MG32LVH" failures="0" tests="2" name="hut.TestClass" time="0.046" errors="0" timestamp="2024-06-01T15:19:24 IST" skipped="0">
  <testcase classname="hut.TestClass" name="test2" time="0.010"/>
  <testcase classname="hut.TestClass" name="test" time="0.036"/>
</testsuite> <!-- hut.TestClass -->
