<?xml version="1.0" encoding="UTF-8"?>
<!-- Generated by org.testng.reporters.JUnitReportReporter -->
<testsuite hostname="DESKTOP-MG32LVH" failures="0" tests="5" name="logintest.facebooktest" time="83.038" errors="0" timestamp="2024-06-09T23:44:14 IST" skipped="0">
  <testcase classname="logintest.facebooktest" name="testURLValidation" time="35.614"/>
  <system-out/>
  <testcase classname="logintest.facebooktest" name="testCreateNewAccountButton" time="11.638"/>
  <system-out/>
  <testcase classname="logintest.facebooktest" name="testLoginButtonValidation" time="11.565"/>
  <system-out/>
  <testcase classname="logintest.facebooktest" name="testtitleValidation" time="10.701"/>
  <system-out/>
  <testcase classname="logintest.facebooktest" name="testInputFieldValidation" time="13.520"/>
  <system-out/>
</testsuite> <!-- logintest.facebooktest -->
