<?xml version="1.0" encoding="UTF-8"?>
<!-- Generated by org.testng.reporters.JUnitReportReporter -->
<testsuite hostname="DESKTOP-MG32LVH" failures="0" tests="3" name="hut.Loginfb" time="2.697" errors="0" timestamp="2024-06-01T16:04:21 IST" skipped="0">
  <testcase classname="hut.Loginfb" name="logincheck" time="1.997"/>
  <testcase classname="hut.Loginfb" name="logincheck" time="0.354"/>
  <testcase classname="hut.Loginfb" name="logincheck" time="0.346"/>
</testsuite> <!-- hut.Loginfb -->
